<?xml version="1.0" encoding="UTF-8"?>
<!-- Generated by org.testng.reporters.JUnitReportReporter -->
<testsuite skipped="0" hostname="Rohit-PC" name="com.absoft.qa.testcases.HomePageTest" tests="1" failures="0" timestamp="18 Mar 2018 12:24:24 GMT" time="56.855" errors="0">
  <testcase name="verifyHomePageTitleTest" time="56.855" classname="com.absoft.qa.testcases.HomePageTest"/>
</testsuite> <!-- com.absoft.qa.testcases.HomePageTest -->
