<?xml version="1.0" encoding="UTF-8"?>
<!-- Generated by org.testng.reporters.JUnitReportReporter -->
<testsuite skipped="0" hostname="Rohit-PC" name="com.absoft.qa.testcases.ProductDescriptionPageTest" tests="2" failures="0" timestamp="14 Mar 2018 14:12:43 GMT" time="152.358" errors="0">
  <testcase name="verifyProdDescPage" time="96.140" classname="com.absoft.qa.testcases.ProductDescriptionPageTest"/>
  <testcase name="addProductinCart" time="56.218" classname="com.absoft.qa.testcases.ProductDescriptionPageTest"/>
</testsuite> <!-- com.absoft.qa.testcases.ProductDescriptionPageTest -->
