<?xml version="1.0" encoding="UTF-8"?>
<!-- Generated by org.testng.reporters.JUnitReportReporter -->
<testsuite skipped="0" hostname="Rohit-PC" name="com.absoft.qa.testcases.ShopPageTest" tests="2" failures="0" timestamp="14 Mar 2018 14:12:43 GMT" time="142.847" errors="0">
  <testcase name="verifyShopPage" time="65.461" classname="com.absoft.qa.testcases.ShopPageTest"/>
  <testcase name="clickProduct" time="77.386" classname="com.absoft.qa.testcases.ShopPageTest"/>
</testsuite> <!-- com.absoft.qa.testcases.ShopPageTest -->
